# JRE version: OpenJDK Runtime Environment (Zulu11.37+17-CA) (11.0.6+10) (build 11.0.6+10-LTS)
# Java VM: OpenJDK 64-Bit Server VM (11.0.6+10-LTS, mixed mode, tiered, compressed oops, g1 gc, linux-amd64)
Heap:
 garbage-first heap   total 352256K, used 234417K [0x0000000084a00000, 0x0000000100000000)
  region size 1024K, 124 young (126976K), 0 survivors (0K)
 Metaspace       used 68927K, capacity 70883K, committed 71296K, reserved 1112064K
  class space    used 7187K, capacity 7893K, committed 8064K, reserved 1048576K
GC Heap History (20 events):
Event: 26936,240 GC heap before
{Heap before GC invocations=88 (full 25):
 garbage-first heap   total 352256K, used 300773K [0x0000000084a00000, 0x0000000100000000)
  region size 1024K, 189 young (193536K), 0 survivors (0K)
 Metaspace       used 68848K, capacity 70795K, committed 71040K, reserved 1112064K
  class space    used 7195K, capacity 7910K, committed 8064K, reserved 1048576K
}
Event: 26936,247 GC heap after
{Heap after GC invocations=89 (full 25):
 garbage-first heap   total 352256K, used 110395K [0x0000000084a00000, 0x0000000100000000)
  region size 1024K, 3 young (3072K), 3 survivors (3072K)
 Metaspace       used 68848K, capacity 70795K, committed 71040K, reserved 1112064K
  class space    used 7195K, capacity 7910K, committed 8064K, reserved 1048576K
}
Event: 26946,444 GC heap before
{Heap before GC invocations=89 (full 25):
 garbage-first heap   total 352256K, used 186171K [0x0000000084a00000, 0x0000000100000000)
  region size 1024K, 78 young (79872K), 3 survivors (3072K)
 Metaspace       used 68851K, capacity 70795K, committed 71040K, reserved 1112064K
  class space    used 7195K, capacity 7910K, committed 8064K, reserved 1048576K
}
Event: 26946,575 GC heap after
{Heap after GC invocations=90 (full 26):
 garbage-first heap   total 352256K, used 108349K [0x0000000084a00000, 0x0000000100000000)
  region size 1024K, 0 young (0K), 0 survivors (0K)
 Metaspace       used 68851K, capacity 70795K, committed 71040K, reserved 1112064K
  class space    used 7195K, capacity 7910K, committed 8064K, reserved 1048576K
}
Event: 26984,240 GC heap before
{Heap before GC invocations=90 (full 26):
 garbage-first heap   total 352256K, used 301885K [0x0000000084a00000, 0x0000000100000000)
  region size 1024K, 190 young (194560K), 0 survivors (0K)
 Metaspace       used 68862K, capacity 70799K, committed 71040K, reserved 1112064K
  class space    used 7195K, capacity 7910K, committed 8064K, reserved 1048576K
}
Event: 26984,252 GC heap after
{Heap after GC invocations=91 (full 26):
 garbage-first heap   total 352256K, used 110816K [0x0000000084a00000, 0x0000000100000000)
  region size 1024K, 3 young (3072K), 3 survivors (3072K)
 Metaspace       used 68862K, capacity 70799K, committed 71040K, reserved 1112064K
  class space    used 7195K, capacity 7910K, committed 8064K, reserved 1048576K
}
Event: 26994,441 GC heap before
{Heap before GC invocations=91 (full 26):
 garbage-first heap   total 352256K, used 185568K [0x0000000084a00000, 0x0000000100000000)
  region size 1024K, 77 young (78848K), 3 survivors (3072K)
 Metaspace       used 68866K, capacity 70800K, committed 71040K, reserved 1112064K
  class space    used 7195K, capacity 7910K, committed 8064K, reserved 1048576K
}
Event: 26994,570 GC heap after
{Heap after GC invocations=92 (full 27):
 garbage-first heap   total 352256K, used 108384K [0x0000000084a00000, 0x0000000100000000)
  region size 1024K, 0 young (0K), 0 survivors (0K)
 Metaspace       used 68866K, capacity 70800K, committed 71040K, reserved 1112064K
  class space    used 7195K, capacity 7910K, committed 8064K, reserved 1048576K
}
Event: 29337,279 GC heap before
{Heap before GC invocations=92 (full 27):
 garbage-first heap   total 352256K, used 301920K [0x0000000084a00000, 0x0000000100000000)
  region size 1024K, 190 young (194560K), 0 survivors (0K)
 Metaspace       used 68910K, capacity 70864K, committed 71296K, reserved 1112064K
  class space    used 7195K, capacity 7910K, committed 8064K, reserved 1048576K
}
Event: 29337,285 GC heap after
{Heap after GC invocations=93 (full 27):
 garbage-first heap   total 352256K, used 110816K [0x0000000084a00000, 0x0000000100000000)
  region size 1024K, 3 young (3072K), 3 survivors (3072K)
 Metaspace       used 68910K, capacity 70864K, committed 71296K, reserved 1112064K
  class space    used 7195K, capacity 7910K, committed 8064K, reserved 1048576K
}
Event: 29347,469 GC heap before
{Heap before GC invocations=93 (full 27):
 garbage-first heap   total 352256K, used 198880K [0x0000000084a00000, 0x0000000100000000)
  region size 1024K, 90 young (92160K), 3 survivors (3072K)
 Metaspace       used 68911K, capacity 70864K, committed 71296K, reserved 1112064K
  class space    used 7195K, capacity 7910K, committed 8064K, reserved 1048576K
}
Event: 29347,557 GC heap after
{Heap after GC invocations=94 (full 28):
 garbage-first heap   total 352256K, used 108436K [0x0000000084a00000, 0x0000000100000000)
  region size 1024K, 0 young (0K), 0 survivors (0K)
 Metaspace       used 68880K, capacity 70816K, committed 71296K, reserved 1112064K
  class space    used 7187K, capacity 7893K, committed 8064K, reserved 1048576K
}
Event: 29673,146 GC heap before
{Heap before GC invocations=94 (full 28):
 garbage-first heap   total 352256K, used 300948K [0x0000000084a00000, 0x0000000100000000)
  region size 1024K, 189 young (193536K), 0 survivors (0K)
 Metaspace       used 68893K, capacity 70818K, committed 71296K, reserved 1112064K
  class space    used 7187K, capacity 7893K, committed 8064K, reserved 1048576K
}
Event: 29673,153 GC heap after
{Heap after GC invocations=95 (full 28):
 garbage-first heap   total 352256K, used 110572K [0x0000000084a00000, 0x0000000100000000)
  region size 1024K, 3 young (3072K), 3 survivors (3072K)
 Metaspace       used 68893K, capacity 70818K, committed 71296K, reserved 1112064K
  class space    used 7187K, capacity 7893K, committed 8064K, reserved 1048576K
}
Event: 29683,372 GC heap before
{Heap before GC invocations=95 (full 28):
 garbage-first heap   total 352256K, used 190444K [0x0000000084a00000, 0x0000000100000000)
  region size 1024K, 82 young (83968K), 3 survivors (3072K)
 Metaspace       used 68902K, capacity 70818K, committed 71296K, reserved 1112064K
  class space    used 7187K, capacity 7893K, committed 8064K, reserved 1048576K
}
Event: 29683,501 GC heap after
{Heap after GC invocations=96 (full 29):
 garbage-first heap   total 352256K, used 108386K [0x0000000084a00000, 0x0000000100000000)
  region size 1024K, 0 young (0K), 0 survivors (0K)
 Metaspace       used 68902K, capacity 70818K, committed 71296K, reserved 1112064K
  class space    used 7187K, capacity 7893K, committed 8064K, reserved 1048576K
}
Event: 29769,240 GC heap before
{Heap before GC invocations=96 (full 29):
 garbage-first heap   total 352256K, used 303970K [0x0000000084a00000, 0x0000000100000000)
  region size 1024K, 192 young (196608K), 0 survivors (0K)
 Metaspace       used 68917K, capacity 70883K, committed 71296K, reserved 1112064K
  class space    used 7187K, capacity 7893K, committed 8064K, reserved 1048576K
}
Event: 29769,250 GC heap after
{Heap after GC invocations=97 (full 29):
 garbage-first heap   total 352256K, used 110691K [0x0000000084a00000, 0x0000000100000000)
  region size 1024K, 3 young (3072K), 3 survivors (3072K)
 Metaspace       used 68917K, capacity 70883K, committed 71296K, reserved 1112064K
  class space    used 7187K, capacity 7893K, committed 8064K, reserved 1048576K
}
Event: 29779,442 GC heap before
{Heap before GC invocations=97 (full 29):
 garbage-first heap   total 352256K, used 186467K [0x0000000084a00000, 0x0000000100000000)
  region size 1024K, 78 young (79872K), 3 survivors (3072K)
 Metaspace       used 68927K, capacity 70883K, committed 71296K, reserved 1112064K
  class space    used 7187K, capacity 7893K, committed 8064K, reserved 1048576K
}
Event: 29779,579 GC heap after
{Heap after GC invocations=98 (full 30):
 garbage-first heap   total 352256K, used 108465K [0x0000000084a00000, 0x0000000100000000)
  region size 1024K, 0 young (0K), 0 survivors (0K)
 Metaspace       used 68927K, capacity 70883K, committed 71296K, reserved 1112064K
  class space    used 7187K, capacity 7893K, committed 8064K, reserved 1048576K
}

